#-----------------------------------------------------------
# Vivado v2016.2 (64-bit)
# SW Build 1577090 on Thu Jun  2 16:32:40 MDT 2016
# IP Build 1577682 on Fri Jun  3 12:00:54 MDT 2016
# Start of session at: Mon Dec 15 16:38:46 2025
# Process ID: 31556
# Current directory: E:/Homeworks/cpupip31/project_1
# Command line: vivado.exe -gui_launcher_event rodinguilauncherevent41628 E:\Homeworks\cpupip31\project_1\project_1.xpr
# Log file: E:/Homeworks/cpupip31/project_1/vivado.log
# Journal file: E:/Homeworks/cpupip31/project_1\vivado.jou
#-----------------------------------------------------------
start_gui
open_project E:/Homeworks/cpupip31/project_1/project_1.xpr
Scanning sources...
Finished scanning sources
INFO: [IP_Flow 19-234] Refreshing IP repositories
INFO: [IP_Flow 19-1704] No user IP repositories specified
INFO: [IP_Flow 19-2313] Loaded Vivado IP repository 'D:/Vivado/2016.2/data/ip'.
file mkdir E:/Homeworks/cpupip31/project_1/project_1.srcs/sources_1/new
close [ open E:/Homeworks/cpupip31/project_1/project_1.srcs/sources_1/new/cpu.v w ]
add_files E:/Homeworks/cpupip31/project_1/project_1.srcs/sources_1/new/cpu.v
update_compile_order -fileset sources_1
update_compile_order -fileset sim_1
exit
INFO: [Common 17-206] Exiting Vivado at Mon Dec 15 16:39:32 2025...
